c:\users\admin\source\repos\djson\djson\debug\vc142.pdb
c:\users\admin\source\repos\djson\djson\debug\vc142.idb
c:\users\admin\source\repos\djson\djson\debug\djson.obj
c:\users\admin\source\repos\djson\djson\debug\main.obj
c:\users\admin\source\repos\djson\djson\debug\main.obj.enc
c:\users\admin\source\repos\djson\debug\djson.pdb
c:\users\admin\source\repos\djson\djson\debug\djson.tlog\cl.command.1.tlog
c:\users\admin\source\repos\djson\djson\debug\djson.tlog\cl.read.1.tlog
c:\users\admin\source\repos\djson\djson\debug\djson.tlog\cl.write.1.tlog
c:\users\admin\source\repos\djson\djson\debug\djson.tlog\link-cvtres.read.1.tlog
c:\users\admin\source\repos\djson\djson\debug\djson.tlog\link-cvtres.write.1.tlog
c:\users\admin\source\repos\djson\djson\debug\djson.tlog\link-rc.read.1.tlog
c:\users\admin\source\repos\djson\djson\debug\djson.tlog\link-rc.write.1.tlog
c:\users\admin\source\repos\djson\djson\debug\djson.tlog\link.14420-cvtres.read.1.tlog
c:\users\admin\source\repos\djson\djson\debug\djson.tlog\link.14420-cvtres.write.1.tlog
c:\users\admin\source\repos\djson\djson\debug\djson.tlog\link.14420-rc.read.1.tlog
c:\users\admin\source\repos\djson\djson\debug\djson.tlog\link.14420-rc.write.1.tlog
c:\users\admin\source\repos\djson\djson\debug\djson.tlog\link.14420.read.1.tlog
c:\users\admin\source\repos\djson\djson\debug\djson.tlog\link.14420.write.1.tlog
c:\users\admin\source\repos\djson\djson\debug\djson.tlog\link.command.1.tlog
c:\users\admin\source\repos\djson\djson\debug\djson.tlog\link.read.1.tlog
c:\users\admin\source\repos\djson\djson\debug\djson.tlog\link.write.1.tlog
